<?xml version="1.0" encoding="UTF-8"?>
<!-- Generated by org.testng.reporters.JUnitXMLReporter -->
<testsuite ignored="0" hostname="LIYA" failures="1" tests="31" name="chrometest" time="221.624" errors="0" timestamp="2025-08-29T03:03:06 IST">
  <testcase classname="testCases.TC04_ForgotPassword" name="verifyForgotPwd_fromLoginPage" time="8.206"/>
  <testcase classname="testCases.TC03_AccountLogout" name="verifyLogout_AfterLogin" time="7.207"/>
  <testcase classname="testCases.TC02_AccountLogin" name="verify_login_navigation_link" time="2.602"/>
  <testcase classname="testCases.TC04_ForgotPassword" name="verifyForgotPwd_fromRightColumn" time="12.524"/>
  <testcase classname="testCases.TC03_AccountLogout" name="verifyLogout_fromMyAccount" time="13.779"/>
  <testcase classname="testCases.TC02_AccountLogin" name="verify_login_navigation_RightColumn" time="0.936"/>
  <testcase classname="testCases.TC04_ForgotPassword" name="verifyForgotPwd_AskValidEmail" time="8.953"/>
  <testcase classname="testCases.TC03_AccountLogout" name="verifyLogout_fromRightColumn" time="6.818"/>
  <testcase classname="testCases.TC02_AccountLogin" name="verify_login_navigation_MyAccount" time="1.173"/>
  <testcase classname="testCases.TC04_ForgotPassword" name="verifyForgotPwd_SuccessMsg" time="15.005"/>
  <testcase classname="testCases.TC03_AccountLogout" name="verifyLogout_Browseback" time="15.372">
    <failure type="java.lang.AssertionError" message="expected [false] but found [true]">
      <![CDATA[java.lang.AssertionError: expected [false] but found [true]
at testCases.TC03_AccountLogout.verifyLogout_Browseback(TC03_AccountLogout.java:131)
at java.base/java.util.ArrayList.forEach(ArrayList.java:1511)
at java.base/java.util.concurrent.FutureTask.run(FutureTask.java:264)
at java.base/java.util.concurrent.ThreadPoolExecutor.runWorker(ThreadPoolExecutor.java:1136)
at java.base/java.util.concurrent.ThreadPoolExecutor$Worker.run(ThreadPoolExecutor.java:635)
at java.base/java.lang.Thread.run(Thread.java:842)
... Removed 24 stack frames]]>
    </failure>
  </testcase> <!-- verifyLogout_Browseback -->
  <testcase classname="testCases.TC02_AccountLogin" name="verify_login_ValidCredentials" time="8.394"/>
  <testcase classname="testCases.TC04_ForgotPassword" name="verifyForgotPwd_FailureMsg" time="12.56"/>
  <testcase classname="testCases.TC03_AccountLogout" name="verifyLogoutNotDisplayedBeforeLoggingIn" time="3.223"/>
  <testcase classname="testCases.TC02_AccountLogin" name="verify_login_NotRegisteredUsername" time="4.137"/>
  <testcase classname="testCases.TC04_ForgotPassword" name="verifyForgotPwd_FailureMsgIfNoEmail" time="12.737"/>
  <testcase classname="testCases.TC03_AccountLogout" name="verify_ProperMessageAfterLogout" time="10.88"/>
  <testcase classname="testCases.TC02_AccountLogin" name="verify_login_WrongPwd" time="5.148"/>
  <testcase classname="testCases.TC04_ForgotPassword" name="verifyForgotPwd_Placeholder_email" time="7.857"/>
  <testcase classname="testCases.TC02_AccountLogin" name="verify_login_EmptyPwd" time="3.737"/>
  <testcase classname="testCases.TC04_ForgotPassword" name="verifyForgotPwd_loggingInAfterReset" time="19.87"/>
  <testcase classname="testCases.TC02_AccountLogin" name="verify_login_EmptyUN" time="4.771"/>
  <testcase classname="testCases.TC02_AccountLogin" name="verifyLogin_EmptyUN_PWD" time="4.955"/>
  <testcase classname="testCases.TC02_AccountLogin" name="verifyLogin_PwdToggled" time="1.629"/>
  <testcase classname="testCases.TC02_AccountLogin" name="verifyLogin_PwdInPageSource" time="1.898"/>
  <testcase classname="testCases.TC02_AccountLogin" name="verify_ForgotPwdLink" time="1.331"/>
  <testcase classname="testCases.TC02_AccountLogin" name="verify_ForgotPwdPage" time="1.831"/>
  <testcase classname="testCases.TC02_AccountLogin" name="verify_ForgotPwd02" time="1.794"/>
  <testcase classname="testCases.TC02_AccountLogin" name="verify_ForgotPwd03" time="1.75"/>
  <testcase classname="testCases.TC02_AccountLogin" name="verify_Login_Placeholders" time="0.877"/>
  <testcase classname="testCases.TC02_AccountLogin" name="verifyLogin_OnlySpaces" time="3.513"/>
</testsuite> <!-- chrometest -->
