<?xml version="1.0" encoding="UTF-8"?>
<!-- Generated by org.testng.reporters.JUnitXMLReporter -->
<testsuite ignored="0" hostname="LIYA" failures="1" tests="31" name="firefoxtest" time="224.059" errors="0" timestamp="2025-08-29T03:03:09 IST">
  <testcase classname="testCases.Test_base" name="@BeforeClass setup" time="2.56">
    <failure type="org.openqa.selenium.remote.NoSuchDriverException" message="Unable to obtain: msedgedriver, error Command failed with code: 65, executed: [--browser, MicrosoftEdge, --language-binding, java, --output, json]
error sending request for url (https://msedgedriver.azureedge.net/LATEST_RELEASE_139_WINDOWS)
Build info: version: &amp;apos;4.34.0&amp;apos;, revision: &amp;apos;707dcb4246*&amp;apos;
System info: os.name: &amp;apos;Windows 11&amp;apos;, os.arch: &amp;apos;amd64&amp;apos;, os.version: &amp;apos;10.0&amp;apos;, java.version: &amp;apos;17.0.12&amp;apos;
Driver info: driver.version: EdgeDriver">
      <![CDATA[org.openqa.selenium.remote.NoSuchDriverException: Unable to obtain: msedgedriver, error Command failed with code: 65, executed: [--browser, MicrosoftEdge, --language-binding, java, --output, json]
error sending request for url (https://msedgedriver.azureedge.net/LATEST_RELEASE_139_WINDOWS)
Build info: version: '4.34.0', revision: '707dcb4246*'
System info: os.name: 'Windows 11', os.arch: 'amd64', os.version: '10.0', java.version: '17.0.12'
Driver info: driver.version: EdgeDriver
at org.openqa.selenium.remote.service.DriverFinder.getBinaryPaths(DriverFinder.java:124)
at org.openqa.selenium.remote.service.DriverFinder.getDriverPath(DriverFinder.java:55)
at org.openqa.selenium.edge.EdgeDriver.generateExecutor(EdgeDriver.java:71)
at org.openqa.selenium.edge.EdgeDriver.<init>(EdgeDriver.java:60)
at org.openqa.selenium.edge.EdgeDriver.<init>(EdgeDriver.java:56)
at org.openqa.selenium.edge.EdgeDriver.<init>(EdgeDriver.java:48)
at org.openqa.selenium.edge.EdgeDriver.<init>(EdgeDriver.java:44)
at testCases.Test_base.setup(Test_base.java:43)
at java.base/java.util.ArrayList.forEach(ArrayList.java:1511)
at java.base/java.util.concurrent.FutureTask.run(FutureTask.java:264)
at java.base/java.util.concurrent.ThreadPoolExecutor.runWorker(ThreadPoolExecutor.java:1136)
at java.base/java.util.concurrent.ThreadPoolExecutor$Worker.run(ThreadPoolExecutor.java:635)
at java.base/java.lang.Thread.run(Thread.java:842)
Caused by: org.openqa.selenium.WebDriverException: Command failed with code: 65, executed: [--browser, MicrosoftEdge, --language-binding, java, --output, json]
error sending request for url (https://msedgedriver.azureedge.net/LATEST_RELEASE_139_WINDOWS)
Build info: version: '4.34.0', revision: '707dcb4246*'
System info: os.name: 'Windows 11', os.arch: 'amd64', os.version: '10.0', java.version: '17.0.12'
Driver info: driver.version: EdgeDriver
at org.openqa.selenium.manager.SeleniumManager.runCommand(SeleniumManager.java:173)
at org.openqa.selenium.manager.SeleniumManager.getBinaryPaths(SeleniumManager.java:254)
at org.openqa.selenium.remote.service.DriverFinder.getBinaryPaths(DriverFinder.java:104)
... 27 more
... Removed 15 stack frames]]>
    </failure>
  </testcase> <!-- @BeforeClass setup -->
  <testcase classname="testCases.Test_base" name="@AfterClass tearDown" time="0.0">
    <skipped/>
  </testcase> <!-- @AfterClass tearDown -->
  <testcase classname="testCases.TC04_ForgotPassword" name="verifyForgotPwd_fromLoginPage" time="7.408"/>
  <testcase classname="testCases.TC03_AccountLogout" name="verifyLogout_AfterLogin" time="7.591"/>
  <testcase classname="testCases.TC02_AccountLogin" name="verify_login_navigation_link" time="1.562"/>
  <testcase classname="testCases.TC04_ForgotPassword" name="verifyForgotPwd_fromRightColumn" time="8.216"/>
  <testcase classname="testCases.TC03_AccountLogout" name="verifyLogout_fromMyAccount" time="11.053"/>
  <testcase classname="testCases.TC02_AccountLogin" name="verify_login_navigation_RightColumn" time="0.429"/>
  <testcase classname="testCases.TC04_ForgotPassword" name="verifyForgotPwd_AskValidEmail" time="7.909"/>
  <testcase classname="testCases.TC03_AccountLogout" name="verifyLogout_fromRightColumn" time="6.197"/>
  <testcase classname="testCases.TC02_AccountLogin" name="verify_login_navigation_MyAccount" time="0.539"/>
  <testcase classname="testCases.TC04_ForgotPassword" name="verifyForgotPwd_SuccessMsg" time="12.6"/>
  <testcase classname="testCases.TC03_AccountLogout" name="verifyLogout_Browseback" time="14.217">
    <failure type="java.lang.AssertionError" message="expected [false] but found [true]">
      <![CDATA[java.lang.AssertionError: expected [false] but found [true]
at testCases.TC03_AccountLogout.verifyLogout_Browseback(TC03_AccountLogout.java:131)
at java.base/java.util.ArrayList.forEach(ArrayList.java:1511)
at java.base/java.util.concurrent.FutureTask.run(FutureTask.java:264)
at java.base/java.util.concurrent.ThreadPoolExecutor.runWorker(ThreadPoolExecutor.java:1136)
at java.base/java.util.concurrent.ThreadPoolExecutor$Worker.run(ThreadPoolExecutor.java:635)
at java.base/java.lang.Thread.run(Thread.java:842)
... Removed 24 stack frames]]>
    </failure>
  </testcase> <!-- verifyLogout_Browseback -->
  <testcase classname="testCases.TC02_AccountLogin" name="verify_login_ValidCredentials" time="7.44"/>
  <testcase classname="testCases.TC04_ForgotPassword" name="verifyForgotPwd_FailureMsg" time="11.709"/>
  <testcase classname="testCases.TC03_AccountLogout" name="verifyLogoutNotDisplayedBeforeLoggingIn" time="3.209"/>
  <testcase classname="testCases.TC02_AccountLogin" name="verify_login_NotRegisteredUsername" time="3.598"/>
  <testcase classname="testCases.TC04_ForgotPassword" name="verifyForgotPwd_FailureMsgIfNoEmail" time="11.734"/>
  <testcase classname="testCases.TC03_AccountLogout" name="verify_ProperMessageAfterLogout" time="10.05"/>
  <testcase classname="testCases.TC02_AccountLogin" name="verify_login_WrongPwd" time="4.102"/>
  <testcase classname="testCases.TC04_ForgotPassword" name="verifyForgotPwd_Placeholder_email" time="7.517"/>
  <testcase classname="testCases.TC02_AccountLogin" name="verify_login_EmptyPwd" time="3.682"/>
  <testcase classname="testCases.TC04_ForgotPassword" name="verifyForgotPwd_loggingInAfterReset" time="19.952"/>
  <testcase classname="testCases.TC02_AccountLogin" name="verify_login_EmptyUN" time="4.168"/>
  <testcase classname="testCases.TC02_AccountLogin" name="verifyLogin_EmptyUN_PWD" time="4.384"/>
  <testcase classname="testCases.TC02_AccountLogin" name="verifyLogin_PwdToggled" time="1.458"/>
  <testcase classname="testCases.TC02_AccountLogin" name="verifyLogin_PwdInPageSource" time="1.543"/>
  <testcase classname="testCases.TC02_AccountLogin" name="verify_ForgotPwdLink" time="1.332"/>
  <testcase classname="testCases.TC02_AccountLogin" name="verify_ForgotPwdPage" time="1.192"/>
  <testcase classname="testCases.TC02_AccountLogin" name="verify_ForgotPwd02" time="1.37"/>
  <testcase classname="testCases.TC02_AccountLogin" name="verify_ForgotPwd03" time="0.946"/>
  <testcase classname="testCases.TC02_AccountLogin" name="verify_Login_Placeholders" time="0.777"/>
  <testcase classname="testCases.TC02_AccountLogin" name="verifyLogin_OnlySpaces" time="3.195"/>
</testsuite> <!-- firefoxtest -->
