<?xml version="1.0" encoding="UTF-8"?>
<!-- Generated by org.testng.reporters.JUnitXMLReporter -->
<testsuite ignored="0" hostname="LIYA" failures="3" tests="74" name="Test" time="992.487" errors="0" timestamp="2025-09-11T01:19:45 IST">
  <testcase classname="testCases.TC02_AccountLogin" name="verify_login_navigation_link" time="1.303"/>
  <testcase classname="testCases.TC02_AccountLogin" name="verify_login_navigation_RightColumn" time="0.477"/>
  <testcase classname="testCases.TC02_AccountLogin" name="verify_login_navigation_MyAccount" time="1.141"/>
  <testcase classname="testCases.TC02_AccountLogin" name="verify_login_ValidCredentials" time="5.789"/>
  <testcase classname="testCases.TC02_AccountLogin" name="verify_login_NotRegisteredUsername" time="2.87"/>
  <testcase classname="testCases.TC02_AccountLogin" name="verify_login_WrongPwd" time="4.415"/>
  <testcase classname="testCases.TC02_AccountLogin" name="verify_login_EmptyPwd" time="3.878"/>
  <testcase classname="testCases.TC02_AccountLogin" name="verify_login_EmptyUN" time="3.415"/>
  <testcase classname="testCases.TC02_AccountLogin" name="verifyLogin_EmptyUN_PWD" time="3.512"/>
  <testcase classname="testCases.TC02_AccountLogin" name="verifyLogin_PwdToggled" time="1.074"/>
  <testcase classname="testCases.TC02_AccountLogin" name="verifyLogin_PwdInPageSource" time="1.081"/>
  <testcase classname="testCases.TC02_AccountLogin" name="verify_ForgotPwdLink" time="0.958"/>
  <testcase classname="testCases.TC02_AccountLogin" name="verify_ForgotPwdPage" time="0.935"/>
  <testcase classname="testCases.TC02_AccountLogin" name="verify_ForgotPwd02" time="0.944"/>
  <testcase classname="testCases.TC02_AccountLogin" name="verify_ForgotPwd03" time="0.811"/>
  <testcase classname="testCases.TC02_AccountLogin" name="verify_Login_Placeholders" time="0.537"/>
  <testcase classname="testCases.TC02_AccountLogin" name="verifyLogin_OnlySpaces" time="3.446"/>
  <testcase classname="testCases.TC02_AccountLogin" name="verifyOpeningBrowserWithoutLoggingOut" time="20.156">
    <failure type="org.openqa.selenium.ElementNotInteractableException" message="element not interactable
  (Session info: chrome=140.0.7339.82)
Build info: version: &amp;apos;4.15.0&amp;apos;, revision: &amp;apos;1d14b5521b&amp;apos;
System info: os.name: &amp;apos;Windows 11&amp;apos;, os.arch: &amp;apos;amd64&amp;apos;, os.version: &amp;apos;10.0&amp;apos;, java.version: &amp;apos;17.0.12&amp;apos;
Driver info: org.openqa.selenium.chrome.ChromeDriver
Command: [9be94fb0d7d0aba2a84e7352ae2295cd, clickElement {id=f.A6074833957768B20A57BA9FA1CE5D54.d.3552CB725521361D4E33E9567498C4E3.e.583}]
Capabilities {acceptInsecureCerts: false, browserName: chrome, browserVersion: 140.0.7339.82, chrome: {chromedriverVersion: 140.0.7339.82 (bc93617e21c3..., userDataDir: C:\Users\user\AppData\Local...}, fedcm:accounts: true, goog:chromeOptions: {debuggerAddress: localhost:61182}, networkConnectionEnabled: false, pageLoadStrategy: normal, platformName: windows, proxy: Proxy(), se:cdp: ws://localhost:61182/devtoo..., se:cdpVersion: 140.0.7339.82, setWindowRect: true, strictFileInteractability: false, timeouts: {implicit: 0, pageLoad: 300000, script: 30000}, unhandledPromptBehavior: dismiss and notify, webauthn:extension:credBlob: true, webauthn:extension:largeBlob: true, webauthn:extension:minPinLength: true, webauthn:extension:prf: true, webauthn:virtualAuthenticators: true}
Element: [[ChromeDriver: chrome on windows (9be94fb0d7d0aba2a84e7352ae2295cd)] -&amp;gt; xpath: //ul[@class=&amp;apos;dropdown-menu dropdown-menu-right&amp;apos;]//a[normalize-space()=&amp;apos;Login&amp;apos;]]
Session ID: 9be94fb0d7d0aba2a84e7352ae2295cd">
      <![CDATA[org.openqa.selenium.ElementNotInteractableException: element not interactable
  (Session info: chrome=140.0.7339.82)
Build info: version: '4.15.0', revision: '1d14b5521b'
System info: os.name: 'Windows 11', os.arch: 'amd64', os.version: '10.0', java.version: '17.0.12'
Driver info: org.openqa.selenium.chrome.ChromeDriver
Command: [9be94fb0d7d0aba2a84e7352ae2295cd, clickElement {id=f.A6074833957768B20A57BA9FA1CE5D54.d.3552CB725521361D4E33E9567498C4E3.e.583}]
Capabilities {acceptInsecureCerts: false, browserName: chrome, browserVersion: 140.0.7339.82, chrome: {chromedriverVersion: 140.0.7339.82 (bc93617e21c3..., userDataDir: C:\Users\user\AppData\Local...}, fedcm:accounts: true, goog:chromeOptions: {debuggerAddress: localhost:61182}, networkConnectionEnabled: false, pageLoadStrategy: normal, platformName: windows, proxy: Proxy(), se:cdp: ws://localhost:61182/devtoo..., se:cdpVersion: 140.0.7339.82, setWindowRect: true, strictFileInteractability: false, timeouts: {implicit: 0, pageLoad: 300000, script: 30000}, unhandledPromptBehavior: dismiss and notify, webauthn:extension:credBlob: true, webauthn:extension:largeBlob: true, webauthn:extension:minPinLength: true, webauthn:extension:prf: true, webauthn:virtualAuthenticators: true}
Element: [[ChromeDriver: chrome on windows (9be94fb0d7d0aba2a84e7352ae2295cd)] -> xpath: //ul[@class='dropdown-menu dropdown-menu-right']//a[normalize-space()='Login']]
Session ID: 9be94fb0d7d0aba2a84e7352ae2295cd
at org.openqa.selenium.remote.codec.w3c.W3CHttpResponseCodec.createException(W3CHttpResponseCodec.java:200)
at org.openqa.selenium.remote.codec.w3c.W3CHttpResponseCodec.decode(W3CHttpResponseCodec.java:133)
at org.openqa.selenium.remote.codec.w3c.W3CHttpResponseCodec.decode(W3CHttpResponseCodec.java:52)
at org.openqa.selenium.remote.HttpCommandExecutor.execute(HttpCommandExecutor.java:191)
at org.openqa.selenium.remote.service.DriverCommandExecutor.invokeExecute(DriverCommandExecutor.java:200)
at org.openqa.selenium.remote.service.DriverCommandExecutor.execute(DriverCommandExecutor.java:175)
at org.openqa.selenium.remote.RemoteWebDriver.execute(RemoteWebDriver.java:607)
at org.openqa.selenium.remote.RemoteWebElement.execute(RemoteWebElement.java:224)
at org.openqa.selenium.remote.RemoteWebElement.click(RemoteWebElement.java:77)
at org.openqa.selenium.support.pagefactory.internal.LocatingElementHandler.invoke(LocatingElementHandler.java:51)
at jdk.proxy2/jdk.proxy2.$Proxy27.click(Unknown Source)
at pageObjects.HomePage.clicklogin(HomePage.java:99)
at testCases.TC02_AccountLogin.verifyOpeningBrowserWithoutLoggingOut(TC02_AccountLogin.java:413)
at java.base/java.util.ArrayList.forEach(ArrayList.java:1511)
... Removed 39 stack frames]]>
    </failure>
  </testcase> <!-- verifyOpeningBrowserWithoutLoggingOut -->
  <testcase classname="testCases.TC04_ForgotPassword" name="verifyForgotPwd_fromLoginPage" time="7.006"/>
  <testcase classname="testCases.TC04_ForgotPassword" name="verifyForgotPwd_fromRightColumn" time="8.45"/>
  <testcase classname="testCases.TC04_ForgotPassword" name="verifyForgotPwd_AskValidEmail" time="7.44"/>
  <testcase classname="testCases.TC04_ForgotPassword" name="verifyForgotPwd_SuccessMsg" time="10.464"/>
  <testcase classname="testCases.TC04_ForgotPassword" name="verifyForgotPwd_FailureMsg" time="10.248"/>
  <testcase classname="testCases.TC04_ForgotPassword" name="verifyForgotPwd_FailureMsgIfNoEmail" time="10.709"/>
  <testcase classname="testCases.TC04_ForgotPassword" name="verifyForgotPwd_Placeholder_email" time="7.124"/>
  <testcase classname="testCases.TC04_ForgotPassword" name="verifyForgotPwd_loggingInAfterReset" time="18.656"/>
  <testcase classname="testCases.TC03_AccountLogout" name="verifyLogout_AfterLogin" time="6.351"/>
  <testcase classname="testCases.TC03_AccountLogout" name="verifyLogout_fromMyAccount" time="9.783"/>
  <testcase classname="testCases.TC03_AccountLogout" name="verifyLogout_fromRightColumn" time="5.273"/>
  <testcase classname="testCases.TC03_AccountLogout" name="verifyLogout_Browseback" time="12.557">
    <failure type="java.lang.AssertionError" message="expected [false] but found [true]">
      <![CDATA[java.lang.AssertionError: expected [false] but found [true]
at testCases.TC03_AccountLogout.verifyLogout_Browseback(TC03_AccountLogout.java:131)
at java.base/java.util.ArrayList.forEach(ArrayList.java:1511)
... Removed 38 stack frames]]>
    </failure>
  </testcase> <!-- verifyLogout_Browseback -->
  <testcase classname="testCases.TC03_AccountLogout" name="verifyLogoutNotDisplayedBeforeLoggingIn" time="3.178"/>
  <testcase classname="testCases.TC03_AccountLogout" name="verify_ProperMessageAfterLogout" time="8.566"/>
  <testcase classname="testCases.TC06_ProductDetails" name="verify_productDisplayFromDropdown" time="10.319"/>
  <testcase classname="testCases.TC06_ProductDetails" name="verify_productDisplayFromWishListImg" time="32.333"/>
  <testcase classname="testCases.TC06_ProductDetails" name="verify_productDisplayFromWishListName" time="31.036"/>
  <testcase classname="testCases.TC06_ProductDetails" name="verify_productDisplayFromAddToCartImg" time="29.456"/>
  <testcase classname="testCases.TC06_ProductDetails" name="verify_productDisplayFromConfirmOrder" time="38.415"/>
  <testcase classname="testCases.TC06_ProductDetails" name="verify_AddToCartFromProductDisplay" time="15.425"/>
  <testcase classname="testCases.TC05_Search" name="verify_navigation_fromSiteMap" time="0.772"/>
  <testcase classname="testCases.TC05_Search" name="verify_search_validProduct" time="8.489"/>
  <testcase classname="testCases.TC05_Search" name="verify_search_invalidProduct" time="5.447"/>
  <testcase classname="testCases.TC05_Search" name="verify_search_emptySearchfield" time="5.365"/>
  <testcase classname="testCases.TC05_Search" name="verify_search_emptySearchfield02" time="5.346"/>
  <testcase classname="testCases.TC05_Search" name="verify_search_AfterLogin" time="9.601"/>
  <testcase classname="testCases.TC05_Search" name="verifyWithoutCheckingSearchInProductDescription" time="5.287"/>
  <testcase classname="testCases.TC05_Search" name="verifyWithoutCheckingSearchInSubCategories" time="5.396"/>
  <testcase classname="testCases.TC05_Search" name="verifyPlaceholders" time="1.717"/>
  <testcase classname="testCases.TC05_Search" name="verifyListView_MultipleProducts" time="11.244"/>
  <testcase classname="testCases.TC05_Search" name="verifyListAndGridViews_MultipleProducts" time="5.431"/>
  <testcase classname="testCases.TC05_Search" name="verifyNavigation_ProductComparePage" time="16.851"/>
  <testcase classname="testCases.TC01_AccountRegistration" name="verify_navigation_registration" time="3.899"/>
  <testcase classname="testCases.TC01_AccountRegistration" name="verify_account_registration" time="11.577"/>
  <testcase classname="testCases.TC01_AccountRegistration" name="verifyAccountReg_invalid_email" time="29.992"/>
  <testcase classname="testCases.TC01_AccountRegistration" name="verify_account_reg_invalid_fname" time="30.419"/>
  <testcase classname="testCases.TC01_AccountRegistration" name="verify_account_reg_invalid_lname" time="30.078"/>
  <testcase classname="testCases.TC01_AccountRegistration" name="verifyAccountReg_invalid_phno" time="29.903"/>
  <testcase classname="testCases.TC01_AccountRegistration" name="verifyAccountReg_AlreadyRegEmail" time="29.981"/>
  <testcase classname="testCases.TC01_AccountRegistration" name="verifyAccountReg_invalidPwd" time="29.975"/>
  <testcase classname="testCases.TC01_AccountRegistration" name="verifyAccountReg_hiddenPwd" time="6.583"/>
  <testcase classname="testCases.TC01_AccountRegistration" name="verifyAccountReg_DiffPwd" time="30.038"/>
  <testcase classname="testCases.TC01_AccountRegistration" name="verifyAccountReg_DiffPwd" time="30.411"/>
  <testcase classname="testCases.TC01_AccountRegistration" name="verifyAccountReg_NotAgree" time="30.415"/>
  <testcase classname="testCases.TC01_AccountRegistration" name="verifyAccountReg_NotAgree" time="30.904"/>
  <testcase classname="testCases.TC01_AccountRegistration" name="verifyAccReg_notGivingAllMandatoryDetails" time="29.928"/>
  <testcase classname="testCases.TC01_AccountRegistration" name="verifyAccReg_notGivingAllMandatoryDetails2" time="32.849"/>
  <testcase classname="testCases.TC01_AccountRegistration" name="verifyAccReg_newsletterYes" time="16.364"/>
  <testcase classname="testCases.TC01_AccountRegistration" name="verifyAccReg_newsletterNo" time="16.768"/>
  <testcase classname="testCases.TC01_AccountRegistration" name="verify_navigation2_reg" time="4.668"/>
  <testcase classname="testCases.TC01_AccountRegistration" name="verify_navigation3_reg" time="0.664"/>
  <testcase classname="testCases.TC01_AccountRegistration" name="verifyAccReg_Keyboard" time="37.454">
    <failure type="java.lang.AssertionError" message="expected [Your Account Has Been Created!] but found [no such element: Unable to locate element: {&amp;quot;method&amp;quot;:&amp;quot;xpath&amp;quot;,&amp;quot;selector&amp;quot;:&amp;quot;//h1[normalize-space()=&amp;apos;Your Account Has Been Created!&amp;apos;]&amp;quot;}
  (Session info: chrome=140.0.7339.82)
For documentation on this error, please visit: https://www.selenium.dev/documentation/webdriver/troubleshooting/errors#no-such-element-exception
Build info: version: &amp;apos;4.15.0&amp;apos;, revision: &amp;apos;1d14b5521b&amp;apos;
System info: os.name: &amp;apos;Windows 11&amp;apos;, os.arch: &amp;apos;amd64&amp;apos;, os.version: &amp;apos;10.0&amp;apos;, java.version: &amp;apos;17.0.12&amp;apos;
Driver info: org.openqa.selenium.chrome.ChromeDriver
Command: [338d1172cad94a8088e0a7c436b30b95, findElement {using=xpath, value=//h1[normalize-space()=&amp;apos;Your Account Has Been Created!&amp;apos;]}]
Capabilities {acceptInsecureCerts: false, browserName: chrome, browserVersion: 140.0.7339.82, chrome: {chromedriverVersion: 140.0.7339.82 (bc93617e21c3..., userDataDir: C:\Users\user\AppData\Local...}, fedcm:accounts: true, goog:chromeOptions: {debuggerAddress: localhost:55033}, networkConnectionEnabled: false, pageLoadStrategy: normal, platformName: windows, proxy: Proxy(), se:cdp: ws://localhost:55033/devtoo..., se:cdpVersion: 140.0.7339.82, setWindowRect: true, strictFileInteractability: false, timeouts: {implicit: 0, pageLoad: 300000, script: 30000}, unhandledPromptBehavior: dismiss and notify, webauthn:extension:credBlob: true, webauthn:extension:largeBlob: true, webauthn:extension:minPinLength: true, webauthn:extension:prf: true, webauthn:virtualAuthenticators: true}
Session ID: 338d1172cad94a8088e0a7c436b30b95]">
      <![CDATA[java.lang.AssertionError: expected [Your Account Has Been Created!] but found [no such element: Unable to locate element: {"method":"xpath","selector":"//h1[normalize-space()='Your Account Has Been Created!']"}
  (Session info: chrome=140.0.7339.82)
For documentation on this error, please visit: https://www.selenium.dev/documentation/webdriver/troubleshooting/errors#no-such-element-exception
Build info: version: '4.15.0', revision: '1d14b5521b'
System info: os.name: 'Windows 11', os.arch: 'amd64', os.version: '10.0', java.version: '17.0.12'
Driver info: org.openqa.selenium.chrome.ChromeDriver
Command: [338d1172cad94a8088e0a7c436b30b95, findElement {using=xpath, value=//h1[normalize-space()='Your Account Has Been Created!']}]
Capabilities {acceptInsecureCerts: false, browserName: chrome, browserVersion: 140.0.7339.82, chrome: {chromedriverVersion: 140.0.7339.82 (bc93617e21c3..., userDataDir: C:\Users\user\AppData\Local...}, fedcm:accounts: true, goog:chromeOptions: {debuggerAddress: localhost:55033}, networkConnectionEnabled: false, pageLoadStrategy: normal, platformName: windows, proxy: Proxy(), se:cdp: ws://localhost:55033/devtoo..., se:cdpVersion: 140.0.7339.82, setWindowRect: true, strictFileInteractability: false, timeouts: {implicit: 0, pageLoad: 300000, script: 30000}, unhandledPromptBehavior: dismiss and notify, webauthn:extension:credBlob: true, webauthn:extension:largeBlob: true, webauthn:extension:minPinLength: true, webauthn:extension:prf: true, webauthn:virtualAuthenticators: true}
Session ID: 338d1172cad94a8088e0a7c436b30b95]
at testCases.TC01_AccountRegistration.verifyAccReg_Keyboard(TC01_AccountRegistration.java:699)
at java.base/java.util.ArrayList.forEach(ArrayList.java:1511)
... Removed 37 stack frames]]>
    </failure>
  </testcase> <!-- verifyAccReg_Keyboard -->
  <testcase classname="testCases.TC01_AccountRegistration" name="verifyAccReg_onlySpaces" time="32.987"/>
  <testcase classname="testCases.TC01_AccountRegistration" name="verifyAccReg_onlySpaces2" time="33.005"/>
  <testcase classname="testCases.TC01_AccountRegistration" name="verifyAccReg_placeholders" time="6.941"/>
  <testcase classname="testCases.TC01_AccountRegistration" name="verifyAccReg_PrivacyPolicy" time="7.057"/>
</testsuite> <!-- Test -->
