<?xml version="1.0" encoding="UTF-8"?>
<!-- Generated by org.testng.reporters.JUnitReportReporter -->
<testsuite hostname="LIYA" failures="0" tests="13" name="testCases.TC05_Search" time="0.002" errors="1" timestamp="2025-08-28T20:32:05 IST" skipped="12">
  <testcase classname="testCases.TC05_Search" name="setup" time="0.002">
    <error message=".\src\test\resouces\config.properties (The system cannot find the path specified)" type="java.io.FileNotFoundException">
      <![CDATA[java.io.FileNotFoundException: .\src\test\resouces\config.properties (The system cannot find the path specified)
at java.base/java.io.FileInputStream.open0(Native Method)
at java.base/java.io.FileInputStream.open(FileInputStream.java:216)
at java.base/java.io.FileInputStream.<init>(FileInputStream.java:157)
at java.base/java.io.FileInputStream.<init>(FileInputStream.java:111)
at testCases.Test_base.setup(Test_base.java:32)
at java.base/jdk.internal.reflect.NativeMethodAccessorImpl.invoke0(Native Method)
at java.base/jdk.internal.reflect.NativeMethodAccessorImpl.invoke(NativeMethodAccessorImpl.java:77)
at java.base/jdk.internal.reflect.DelegatingMethodAccessorImpl.invoke(DelegatingMethodAccessorImpl.java:43)
at java.base/java.lang.reflect.Method.invoke(Method.java:568)
at org.testng.internal.invokers.MethodInvocationHelper.invokeMethod(MethodInvocationHelper.java:141)
at org.testng.internal.invokers.MethodInvocationHelper.invokeMethodConsideringTimeout(MethodInvocationHelper.java:71)
at org.testng.internal.invokers.ConfigInvoker.invokeConfigurationMethod(ConfigInvoker.java:400)
at org.testng.internal.invokers.ConfigInvoker.invokeConfigurations(ConfigInvoker.java:333)
at org.testng.internal.invokers.TestMethodWorker.invokeBeforeClassMethods(TestMethodWorker.java:188)
at org.testng.internal.invokers.TestMethodWorker.run(TestMethodWorker.java:128)
at java.base/java.util.ArrayList.forEach(ArrayList.java:1511)
at org.testng.TestRunner.privateRun(TestRunner.java:741)
at org.testng.TestRunner.run(TestRunner.java:616)
at org.testng.SuiteRunner.runTest(SuiteRunner.java:421)
at org.testng.SuiteRunner.runSequentially(SuiteRunner.java:413)
at org.testng.SuiteRunner.privateRun(SuiteRunner.java:373)
at org.testng.SuiteRunner.run(SuiteRunner.java:312)
at org.testng.SuiteRunnerWorker.runSuite(SuiteRunnerWorker.java:52)
at org.testng.SuiteRunnerWorker.run(SuiteRunnerWorker.java:95)
at org.testng.TestNG.runSuitesSequentially(TestNG.java:1274)
at org.testng.TestNG.runSuitesLocally(TestNG.java:1208)
at org.testng.TestNG.runSuites(TestNG.java:1112)
at org.testng.TestNG.run(TestNG.java:1079)
at org.testng.remote.AbstractRemoteTestNG.run(AbstractRemoteTestNG.java:115)
at org.testng.remote.RemoteTestNG.initAndRun(RemoteTestNG.java:293)
at org.testng.remote.RemoteTestNG.main(RemoteTestNG.java:91)
]]>
    </error>
  </testcase> <!-- setup -->
  <testcase classname="testCases.TC05_Search" name="verify_navigation_fromSiteMap" time="0.000">
    <skipped/>
  </testcase> <!-- verify_navigation_fromSiteMap -->
  <testcase classname="testCases.TC05_Search" name="verify_search_validProduct" time="0.000">
    <skipped/>
  </testcase> <!-- verify_search_validProduct -->
  <testcase classname="testCases.TC05_Search" name="verify_search_invalidProduct" time="0.000">
    <skipped/>
  </testcase> <!-- verify_search_invalidProduct -->
  <testcase classname="testCases.TC05_Search" name="verify_search_emptySearchfield" time="0.000">
    <skipped/>
  </testcase> <!-- verify_search_emptySearchfield -->
  <testcase classname="testCases.TC05_Search" name="verify_search_emptySearchfield02" time="0.000">
    <skipped/>
  </testcase> <!-- verify_search_emptySearchfield02 -->
  <testcase classname="testCases.TC05_Search" name="verify_search_AfterLogin" time="0.000">
    <skipped/>
  </testcase> <!-- verify_search_AfterLogin -->
  <testcase classname="testCases.TC05_Search" name="verifyWithoutCheckingSearchInProductDescription" time="0.000">
    <skipped/>
  </testcase> <!-- verifyWithoutCheckingSearchInProductDescription -->
  <testcase classname="testCases.TC05_Search" name="verifyWithoutCheckingSearchInSubCategories" time="0.000">
    <skipped/>
  </testcase> <!-- verifyWithoutCheckingSearchInSubCategories -->
  <testcase classname="testCases.TC05_Search" name="verifyPlaceholders" time="0.000">
    <skipped/>
  </testcase> <!-- verifyPlaceholders -->
  <testcase classname="testCases.TC05_Search" name="verifyListView_MultipleProducts" time="0.000">
    <skipped/>
  </testcase> <!-- verifyListView_MultipleProducts -->
  <testcase classname="testCases.TC05_Search" name="verifyListAndGridViews_MultipleProducts" time="0.000">
    <skipped/>
  </testcase> <!-- verifyListAndGridViews_MultipleProducts -->
  <testcase classname="testCases.TC05_Search" name="verifyNavigation_ProductComparePage" time="0.000">
    <skipped/>
  </testcase> <!-- verifyNavigation_ProductComparePage -->
</testsuite> <!-- testCases.TC05_Search -->
