<?xml version="1.0" encoding="UTF-8"?>
<!-- Generated by org.testng.reporters.JUnitReportReporter -->
<testsuite hostname="LIYA" failures="0" tests="27" name="testCases.TC01_AccountRegistration" time="0.004" errors="1" timestamp="2025-08-28T20:32:05 IST" skipped="26">
  <testcase classname="testCases.TC01_AccountRegistration" name="setup" time="0.002">
    <error message=".\src\test\resouces\config.properties (The system cannot find the path specified)" type="java.io.FileNotFoundException">
      <![CDATA[java.io.FileNotFoundException: .\src\test\resouces\config.properties (The system cannot find the path specified)
at java.base/java.io.FileInputStream.open0(Native Method)
at java.base/java.io.FileInputStream.open(FileInputStream.java:216)
at java.base/java.io.FileInputStream.<init>(FileInputStream.java:157)
at java.base/java.io.FileInputStream.<init>(FileInputStream.java:111)
at testCases.Test_base.setup(Test_base.java:32)
at java.base/jdk.internal.reflect.NativeMethodAccessorImpl.invoke0(Native Method)
at java.base/jdk.internal.reflect.NativeMethodAccessorImpl.invoke(NativeMethodAccessorImpl.java:77)
at java.base/jdk.internal.reflect.DelegatingMethodAccessorImpl.invoke(DelegatingMethodAccessorImpl.java:43)
at java.base/java.lang.reflect.Method.invoke(Method.java:568)
at org.testng.internal.invokers.MethodInvocationHelper.invokeMethod(MethodInvocationHelper.java:141)
at org.testng.internal.invokers.MethodInvocationHelper.invokeMethodConsideringTimeout(MethodInvocationHelper.java:71)
at org.testng.internal.invokers.ConfigInvoker.invokeConfigurationMethod(ConfigInvoker.java:400)
at org.testng.internal.invokers.ConfigInvoker.invokeConfigurations(ConfigInvoker.java:333)
at org.testng.internal.invokers.TestMethodWorker.invokeBeforeClassMethods(TestMethodWorker.java:188)
at org.testng.internal.invokers.TestMethodWorker.run(TestMethodWorker.java:128)
at java.base/java.util.ArrayList.forEach(ArrayList.java:1511)
at org.testng.TestRunner.privateRun(TestRunner.java:741)
at org.testng.TestRunner.run(TestRunner.java:616)
at org.testng.SuiteRunner.runTest(SuiteRunner.java:421)
at org.testng.SuiteRunner.runSequentially(SuiteRunner.java:413)
at org.testng.SuiteRunner.privateRun(SuiteRunner.java:373)
at org.testng.SuiteRunner.run(SuiteRunner.java:312)
at org.testng.SuiteRunnerWorker.runSuite(SuiteRunnerWorker.java:52)
at org.testng.SuiteRunnerWorker.run(SuiteRunnerWorker.java:95)
at org.testng.TestNG.runSuitesSequentially(TestNG.java:1274)
at org.testng.TestNG.runSuitesLocally(TestNG.java:1208)
at org.testng.TestNG.runSuites(TestNG.java:1112)
at org.testng.TestNG.run(TestNG.java:1079)
at org.testng.remote.AbstractRemoteTestNG.run(AbstractRemoteTestNG.java:115)
at org.testng.remote.RemoteTestNG.initAndRun(RemoteTestNG.java:293)
at org.testng.remote.RemoteTestNG.main(RemoteTestNG.java:91)
]]>
    </error>
  </testcase> <!-- setup -->
  <testcase classname="testCases.TC01_AccountRegistration" name="verify_navigation_registration" time="0.000">
    <skipped/>
  </testcase> <!-- verify_navigation_registration -->
  <testcase classname="testCases.TC01_AccountRegistration" name="verify_account_reg_ddt" time="0.000">
    <skipped/>
  </testcase> <!-- verify_account_reg_ddt -->
  <testcase classname="testCases.TC01_AccountRegistration" name="verify_account_reg_ddt" time="0.000">
    <skipped/>
  </testcase> <!-- verify_account_reg_ddt -->
  <testcase classname="testCases.TC01_AccountRegistration" name="verify_account_registration" time="0.000">
    <skipped/>
  </testcase> <!-- verify_account_registration -->
  <testcase classname="testCases.TC01_AccountRegistration" name="verifyAccountReg_invalid_email" time="0.001">
    <skipped/>
  </testcase> <!-- verifyAccountReg_invalid_email -->
  <testcase classname="testCases.TC01_AccountRegistration" name="verify_account_reg_invalid_fname" time="0.000">
    <skipped/>
  </testcase> <!-- verify_account_reg_invalid_fname -->
  <testcase classname="testCases.TC01_AccountRegistration" name="verify_account_reg_invalid_lname" time="0.000">
    <skipped/>
  </testcase> <!-- verify_account_reg_invalid_lname -->
  <testcase classname="testCases.TC01_AccountRegistration" name="verifyAccountReg_invalid_phno" time="0.000">
    <skipped/>
  </testcase> <!-- verifyAccountReg_invalid_phno -->
  <testcase classname="testCases.TC01_AccountRegistration" name="verifyAccountReg_AlreadyRegEmail" time="0.000">
    <skipped/>
  </testcase> <!-- verifyAccountReg_AlreadyRegEmail -->
  <testcase classname="testCases.TC01_AccountRegistration" name="verifyAccountReg_invalidPwd" time="0.000">
    <skipped/>
  </testcase> <!-- verifyAccountReg_invalidPwd -->
  <testcase classname="testCases.TC01_AccountRegistration" name="verifyAccountReg_hiddenPwd" time="0.000">
    <skipped/>
  </testcase> <!-- verifyAccountReg_hiddenPwd -->
  <testcase classname="testCases.TC01_AccountRegistration" name="verifyAccountReg_DiffPwd" time="0.000">
    <skipped/>
  </testcase> <!-- verifyAccountReg_DiffPwd -->
  <testcase classname="testCases.TC01_AccountRegistration" name="verifyAccountReg_DiffPwd" time="0.000">
    <skipped/>
  </testcase> <!-- verifyAccountReg_DiffPwd -->
  <testcase classname="testCases.TC01_AccountRegistration" name="verifyAccountReg_NotAgree" time="0.000">
    <skipped/>
  </testcase> <!-- verifyAccountReg_NotAgree -->
  <testcase classname="testCases.TC01_AccountRegistration" name="verifyAccountReg_NotAgree" time="0.000">
    <skipped/>
  </testcase> <!-- verifyAccountReg_NotAgree -->
  <testcase classname="testCases.TC01_AccountRegistration" name="verifyAccReg_notGivingAllMandatoryDetails" time="0.000">
    <skipped/>
  </testcase> <!-- verifyAccReg_notGivingAllMandatoryDetails -->
  <testcase classname="testCases.TC01_AccountRegistration" name="verifyAccReg_notGivingAllMandatoryDetails2" time="0.000">
    <skipped/>
  </testcase> <!-- verifyAccReg_notGivingAllMandatoryDetails2 -->
  <testcase classname="testCases.TC01_AccountRegistration" name="verifyAccReg_newsletterYes" time="0.000">
    <skipped/>
  </testcase> <!-- verifyAccReg_newsletterYes -->
  <testcase classname="testCases.TC01_AccountRegistration" name="verifyAccReg_newsletterNo" time="0.000">
    <skipped/>
  </testcase> <!-- verifyAccReg_newsletterNo -->
  <testcase classname="testCases.TC01_AccountRegistration" name="verify_navigation2_reg" time="0.000">
    <skipped/>
  </testcase> <!-- verify_navigation2_reg -->
  <testcase classname="testCases.TC01_AccountRegistration" name="verify_navigation3_reg" time="0.000">
    <skipped/>
  </testcase> <!-- verify_navigation3_reg -->
  <testcase classname="testCases.TC01_AccountRegistration" name="verifyAccReg_Keyboard" time="0.000">
    <skipped/>
  </testcase> <!-- verifyAccReg_Keyboard -->
  <testcase classname="testCases.TC01_AccountRegistration" name="verifyAccReg_onlySpaces" time="0.000">
    <skipped/>
  </testcase> <!-- verifyAccReg_onlySpaces -->
  <testcase classname="testCases.TC01_AccountRegistration" name="verifyAccReg_onlySpaces2" time="0.001">
    <skipped/>
  </testcase> <!-- verifyAccReg_onlySpaces2 -->
  <testcase classname="testCases.TC01_AccountRegistration" name="verifyAccReg_placeholders" time="0.000">
    <skipped/>
  </testcase> <!-- verifyAccReg_placeholders -->
  <testcase classname="testCases.TC01_AccountRegistration" name="verifyAccReg_PrivacyPolicy" time="0.000">
    <skipped/>
  </testcase> <!-- verifyAccReg_PrivacyPolicy -->
</testsuite> <!-- testCases.TC01_AccountRegistration -->
